<?xml version="1.0" encoding="UTF-8"?><testsuite errors="0" failures="1" name="checking the website evelartapp.com test to login" skipped="0" tests="1" time="71.53" timestamp="2023-08-29 03:17:19"><testcase name="Brandon wants to test the website"><failure message="&#10;Expected: an element that is visible&#10;     but: no matching element found by xpath: //h1[@class='text-center text-3xl p-3 m-3']" type="java.lang.AssertionError">
Expected: an element that is visible
     but: no matching element found by xpath: //h1[@class='text-center text-3xl p-3 m-3']</failure><system-err>
Expected: an element that is visible
     but: no matching element found by xpath: //h1[@class='text-center text-3xl p-3 m-3']&#13;
tasks.evelartapp.com.tasks.LoginEvelartApp.performAs(LoginEvelartApp.java:29)&#13;
tasks.evelartapp.com.stepDefinitions.evelarApppResponseQuestionStepDefinitions.brandonLoginsOnTheSiteAndResponseQuestion(evelarApppResponseQuestionStepDefinitions.java:15)&#13;
cucumber.runner.Runner.runPickle(Runner.java:80)&#13;
worker.org.gradle.process.internal.worker.GradleWorkerMain.run(GradleWorkerMain.java:69)&#13;
worker.org.gradle.process.internal.worker.GradleWorkerMain.main(GradleWorkerMain.java:74)&#13;
</system-err></testcase></testsuite>